c:\users\conne\downloads\cpp_for_robotics\chapter_5_sfml_cpp_programming\chapter_5_3_1\sfml_example\sfml_example\x64\debug\vc145.pdb
c:\users\conne\downloads\cpp_for_robotics\chapter_5_sfml_cpp_programming\chapter_5_3_1\sfml_example\sfml_example\x64\debug\vc145.idb
c:\users\conne\downloads\cpp_for_robotics\chapter_5_sfml_cpp_programming\chapter_5_3_1\sfml_example\sfml_example\x64\debug\main.obj
c:\users\conne\downloads\cpp_for_robotics\chapter_5_sfml_cpp_programming\chapter_5_3_1\sfml_example\x64\debug\sfml_example.exe
c:\users\conne\downloads\cpp_for_robotics\chapter_5_sfml_cpp_programming\chapter_5_3_1\sfml_example\x64\debug\sfml_example.pdb
c:\users\conne\downloads\cpp_for_robotics\chapter_5_sfml_cpp_programming\chapter_5_3_1\sfml_example\sfml_example\x64\debug\sfml_example.ilk
c:\users\conne\downloads\cpp_for_robotics\chapter_5_sfml_cpp_programming\chapter_5_3\sfml_example\sfml_example\x64\debug\main.obj
c:\users\conne\downloads\cpp_for_robotics\chapter_5_sfml_cpp_programming\chapter_5_3\sfml_example\sfml_example\x64\debug\sfml_example.obj
c:\users\conne\downloads\cpp_for_robotics\chapter_5_sfml_cpp_programming\chapter_5_3\sfml_example\sfml_example\x64\debug\sfml_example.ilk
c:\users\conne\downloads\cpp_for_robotics\chapter_5_sfml_cpp_programming\chapter_5_3\sfml_example\sfml_example\x64\debug\vc145.idb
c:\users\conne\downloads\cpp_for_robotics\chapter_5_sfml_cpp_programming\chapter_5_3\sfml_example\sfml_example\x64\debug\vc145.pdb
c:\users\conne\downloads\cpp_for_robotics\chapter_5_sfml_cpp_programming\chapter_5_3\sfml_example\x64\debug\sfml_example.pdb
c:\users\conne\downloads\cpp_for_robotics\chapter_5_sfml_cpp_programming\chapter_5_3\sfml_example\x64\debug\sfml_example.exe
c:\users\conne\downloads\cpp_for_robotics\chapter_5_sfml_cpp_programming\chapter_5_3\sfml_example\sfml_example\x64\debug\sfml_example.tlog\cl.command.1.tlog
c:\users\conne\downloads\cpp_for_robotics\chapter_5_sfml_cpp_programming\chapter_5_3\sfml_example\sfml_example\x64\debug\sfml_example.tlog\cl.items.tlog
c:\users\conne\downloads\cpp_for_robotics\chapter_5_sfml_cpp_programming\chapter_5_3\sfml_example\sfml_example\x64\debug\sfml_example.tlog\cl.read.1.tlog
c:\users\conne\downloads\cpp_for_robotics\chapter_5_sfml_cpp_programming\chapter_5_3\sfml_example\sfml_example\x64\debug\sfml_example.tlog\cl.write.1.tlog
c:\users\conne\downloads\cpp_for_robotics\chapter_5_sfml_cpp_programming\chapter_5_3\sfml_example\sfml_example\x64\debug\sfml_example.tlog\link.command.1.tlog
c:\users\conne\downloads\cpp_for_robotics\chapter_5_sfml_cpp_programming\chapter_5_3\sfml_example\sfml_example\x64\debug\sfml_example.tlog\link.read.1.tlog
c:\users\conne\downloads\cpp_for_robotics\chapter_5_sfml_cpp_programming\chapter_5_3\sfml_example\sfml_example\x64\debug\sfml_example.tlog\link.secondary.1.tlog
c:\users\conne\downloads\cpp_for_robotics\chapter_5_sfml_cpp_programming\chapter_5_3\sfml_example\sfml_example\x64\debug\sfml_example.tlog\link.write.1.tlog
